{"D:\\modsenTest\\src\\components\\bookmark\\bookmark.tsx": {"path":"D:\\modsenTest\\src\\components\\bookmark\\bookmark.tsx","statementMap":{"0":{"start":{"line":1,"column":0},"end":{"line":1,"column":37}},"1":{"start":{"line":2,"column":0},"end":{"line":2,"column":56}},"2":{"start":{"line":3,"column":0},"end":{"line":3,"column":44}},"3":{"start":{"line":4,"column":0},"end":{"line":4,"column":44}},"4":{"start":{"line":6,"column":0},"end":{"line":6,"column":62}},"5":{"start":{"line":12,"column":36},"end":{"line":34,"column":1}},"6":{"start":{"line":13,"column":43},"end":{"line":13,"column":57}},"7":{"start":{"line":14,"column":36},"end":{"line":14,"column":64}},"8":{"start":{"line":16,"column":27},"end":{"line":19,"column":5}},"9":{"start":{"line":17,"column":8},"end":{"line":17,"column":28}},"10":{"start":{"line":18,"column":8},"end":{"line":18,"column":37}},"11":{"start":{"line":18,"column":30},"end":{"line":18,"column":35}},"12":{"start":{"line":21,"column":4},"end":{"line":33,"column":6}},"13":{"start":{"line":24,"column":27},"end":{"line":24,"column":46}},"14":{"start":{"line":36,"column":0},"end":{"line":36,"column":24}}},"fnMap":{"0":{"name":"(anonymous_1)","decl":{"start":{"line":12,"column":36},"end":{"line":12,"column":37}},"loc":{"start":{"line":12,"column":48},"end":{"line":34,"column":1}}},"1":{"name":"(anonymous_2)","decl":{"start":{"line":16,"column":27},"end":{"line":16,"column":28}},"loc":{"start":{"line":16,"column":40},"end":{"line":19,"column":5}}},"2":{"name":"(anonymous_3)","decl":{"start":{"line":18,"column":20},"end":{"line":18,"column":21}},"loc":{"start":{"line":18,"column":30},"end":{"line":18,"column":35}}},"3":{"name":"(anonymous_4)","decl":{"start":{"line":24,"column":21},"end":{"line":24,"column":24}},"loc":{"start":{"line":24,"column":27},"end":{"line":24,"column":46}}}},"branchMap":{"0":{"loc":{"start":{"line":23,"column":54},"end":{"line":23,"column":91}},"type":"cond-expr","locations":[{"start":{"line":23,"column":65},"end":{"line":23,"column":86}},{"start":{"line":23,"column":89},"end":{"line":23,"column":91}}]},"1":{"loc":{"start":{"line":27,"column":21},"end":{"line":27,"column":57}},"type":"cond-expr","locations":[{"start":{"line":27,"column":32},"end":{"line":27,"column":46}},{"start":{"line":27,"column":49},"end":{"line":27,"column":57}}]},"2":{"loc":{"start":{"line":28,"column":21},"end":{"line":28,"column":57}},"type":"cond-expr","locations":[{"start":{"line":28,"column":32},"end":{"line":28,"column":44}},{"start":{"line":28,"column":47},"end":{"line":28,"column":57}}]}},"s":{"0":2,"1":2,"2":2,"3":2,"4":2,"5":2,"6":18,"7":18,"8":18,"9":0,"10":0,"11":0,"12":18,"13":0,"14":2},"f":{"0":18,"1":0,"2":0,"3":0},"b":{"0":[0,18],"1":[0,18],"2":[0,18]}}
,"D:\\modsenTest\\src\\components\\footer\\footer.tsx": {"path":"D:\\modsenTest\\src\\components\\footer\\footer.tsx","statementMap":{"0":{"start":{"line":2,"column":0},"end":{"line":2,"column":42}},"1":{"start":{"line":3,"column":0},"end":{"line":3,"column":53}},"2":{"start":{"line":4,"column":0},"end":{"line":4,"column":48}},"3":{"start":{"line":6,"column":19},"end":{"line":23,"column":1}},"4":{"start":{"line":7,"column":4},"end":{"line":22,"column":6}},"5":{"start":{"line":25,"column":0},"end":{"line":25,"column":22}}},"fnMap":{"0":{"name":"(anonymous_1)","decl":{"start":{"line":6,"column":19},"end":{"line":6,"column":22}},"loc":{"start":{"line":6,"column":24},"end":{"line":23,"column":1}}}},"branchMap":{},"s":{"0":2,"1":2,"2":2,"3":2,"4":0,"5":2},"f":{"0":0},"b":{}}
,"D:\\modsenTest\\src\\components\\header\\header.tsx": {"path":"D:\\modsenTest\\src\\components\\header\\header.tsx","statementMap":{"0":{"start":{"line":2,"column":0},"end":{"line":2,"column":47}},"1":{"start":{"line":3,"column":0},"end":{"line":3,"column":44}},"2":{"start":{"line":4,"column":0},"end":{"line":4,"column":42}},"3":{"start":{"line":5,"column":0},"end":{"line":5,"column":36}},"4":{"start":{"line":6,"column":0},"end":{"line":6,"column":42}},"5":{"start":{"line":7,"column":0},"end":{"line":7,"column":63}},"6":{"start":{"line":8,"column":0},"end":{"line":8,"column":70}},"7":{"start":{"line":10,"column":19},"end":{"line":46,"column":1}},"8":{"start":{"line":11,"column":21},"end":{"line":11,"column":34}},"9":{"start":{"line":12,"column":31},"end":{"line":12,"column":49}},"10":{"start":{"line":14,"column":4},"end":{"line":45,"column":6}},"11":{"start":{"line":22,"column":32},"end":{"line":22,"column":70}},"12":{"start":{"line":31,"column":39},"end":{"line":31,"column":79}},"13":{"start":{"line":48,"column":0},"end":{"line":48,"column":22}}},"fnMap":{"0":{"name":"(anonymous_1)","decl":{"start":{"line":10,"column":19},"end":{"line":10,"column":22}},"loc":{"start":{"line":10,"column":24},"end":{"line":46,"column":1}}},"1":{"name":"(anonymous_2)","decl":{"start":{"line":21,"column":37},"end":{"line":21,"column":40}},"loc":{"start":{"line":22,"column":32},"end":{"line":22,"column":70}}},"2":{"name":"(anonymous_3)","decl":{"start":{"line":31,"column":33},"end":{"line":31,"column":36}},"loc":{"start":{"line":31,"column":39},"end":{"line":31,"column":79}}}},"branchMap":{"0":{"loc":{"start":{"line":19,"column":21},"end":{"line":28,"column":null}},"type":"binary-expr","locations":[{"start":{"line":19,"column":21},"end":{"line":19,"column":46}},{"start":{"line":20,"column":24},"end":{"line":27,"column":null}}]}},"s":{"0":2,"1":2,"2":2,"3":2,"4":2,"5":2,"6":2,"7":2,"8":0,"9":0,"10":0,"11":0,"12":0,"13":2},"f":{"0":0,"1":0,"2":0},"b":{"0":[0,0]}}
,"D:\\modsenTest\\src\\components\\image\\image.tsx": {"path":"D:\\modsenTest\\src\\components\\image\\image.tsx","statementMap":{"0":{"start":{"line":2,"column":0},"end":{"line":2,"column":66}},"1":{"start":{"line":3,"column":0},"end":{"line":3,"column":41}},"2":{"start":{"line":11,"column":30},"end":{"line":27,"column":1}},"3":{"start":{"line":12,"column":49},"end":{"line":12,"column":78}},"4":{"start":{"line":13,"column":4},"end":{"line":26,"column":6}},"5":{"start":{"line":29,"column":0},"end":{"line":29,"column":21}}},"fnMap":{"0":{"name":"(anonymous_1)","decl":{"start":{"line":11,"column":30},"end":{"line":11,"column":31}},"loc":{"start":{"line":11,"column":40},"end":{"line":27,"column":1}}}},"branchMap":{"0":{"loc":{"start":{"line":15,"column":13},"end":{"line":23,"column":null}},"type":"cond-expr","locations":[{"start":{"line":16,"column":16},"end":{"line":16,"column":69}},{"start":{"line":18,"column":16},"end":{"line":22,"column":null}}]},"1":{"loc":{"start":{"line":15,"column":13},"end":{"line":15,"column":62}},"type":"binary-expr","locations":[{"start":{"line":15,"column":13},"end":{"line":15,"column":27}},{"start":{"line":15,"column":31},"end":{"line":15,"column":40}},{"start":{"line":15,"column":44},"end":{"line":15,"column":53}},{"start":{"line":15,"column":57},"end":{"line":15,"column":62}}]}},"s":{"0":2,"1":2,"2":2,"3":18,"4":18,"5":2},"f":{"0":18},"b":{"0":[18,0],"1":[18,18,0,0]}}
,"D:\\modsenTest\\src\\components\\imageCard\\imageCard.tsx": {"path":"D:\\modsenTest\\src\\components\\imageCard\\imageCard.tsx","statementMap":{"0":{"start":{"line":2,"column":0},"end":{"line":2,"column":45}},"1":{"start":{"line":3,"column":0},"end":{"line":3,"column":62}},"2":{"start":{"line":4,"column":0},"end":{"line":4,"column":48}},"3":{"start":{"line":5,"column":0},"end":{"line":5,"column":57}},"4":{"start":{"line":7,"column":0},"end":{"line":7,"column":70}},"5":{"start":{"line":8,"column":0},"end":{"line":8,"column":63}},"6":{"start":{"line":14,"column":38},"end":{"line":47,"column":1}},"7":{"start":{"line":15,"column":27},"end":{"line":15,"column":50}},"8":{"start":{"line":16,"column":31},"end":{"line":16,"column":49}},"9":{"start":{"line":17,"column":4},"end":{"line":46,"column":6}},"10":{"start":{"line":29,"column":24},"end":{"line":29,"column":72}},"11":{"start":{"line":49,"column":0},"end":{"line":49,"column":25}}},"fnMap":{"0":{"name":"(anonymous_1)","decl":{"start":{"line":14,"column":38},"end":{"line":14,"column":39}},"loc":{"start":{"line":14,"column":50},"end":{"line":47,"column":1}}},"1":{"name":"(anonymous_2)","decl":{"start":{"line":28,"column":29},"end":{"line":28,"column":32}},"loc":{"start":{"line":28,"column":34},"end":{"line":30,"column":21}}}},"branchMap":{"0":{"loc":{"start":{"line":40,"column":25},"end":{"line":40,"column":68}},"type":"cond-expr","locations":[{"start":{"line":40,"column":48},"end":{"line":40,"column":56}},{"start":{"line":40,"column":59},"end":{"line":40,"column":68}}]}},"s":{"0":2,"1":2,"2":2,"3":2,"4":2,"5":2,"6":2,"7":18,"8":18,"9":18,"10":0,"11":2},"f":{"0":18,"1":0},"b":{"0":[6,12]}}
,"D:\\modsenTest\\src\\components\\imageForList\\imageForList.tsx": {"path":"D:\\modsenTest\\src\\components\\imageForList\\imageForList.tsx","statementMap":{"0":{"start":{"line":2,"column":0},"end":{"line":2,"column":48}},"1":{"start":{"line":3,"column":0},"end":{"line":3,"column":62}},"2":{"start":{"line":4,"column":0},"end":{"line":4,"column":48}},"3":{"start":{"line":5,"column":0},"end":{"line":5,"column":57}},"4":{"start":{"line":7,"column":0},"end":{"line":7,"column":63}},"5":{"start":{"line":8,"column":0},"end":{"line":8,"column":70}},"6":{"start":{"line":14,"column":37},"end":{"line":45,"column":1}},"7":{"start":{"line":15,"column":27},"end":{"line":15,"column":50}},"8":{"start":{"line":16,"column":31},"end":{"line":16,"column":49}},"9":{"start":{"line":18,"column":4},"end":{"line":44,"column":6}},"10":{"start":{"line":22,"column":20},"end":{"line":22,"column":68}},"11":{"start":{"line":47,"column":0},"end":{"line":47,"column":28}}},"fnMap":{"0":{"name":"(anonymous_1)","decl":{"start":{"line":14,"column":37},"end":{"line":14,"column":38}},"loc":{"start":{"line":14,"column":49},"end":{"line":45,"column":1}}},"1":{"name":"(anonymous_2)","decl":{"start":{"line":21,"column":25},"end":{"line":21,"column":28}},"loc":{"start":{"line":21,"column":30},"end":{"line":23,"column":17}}}},"branchMap":{"0":{"loc":{"start":{"line":38,"column":25},"end":{"line":38,"column":68}},"type":"cond-expr","locations":[{"start":{"line":38,"column":48},"end":{"line":38,"column":56}},{"start":{"line":38,"column":59},"end":{"line":38,"column":68}}]}},"s":{"0":2,"1":2,"2":2,"3":2,"4":2,"5":2,"6":2,"7":0,"8":0,"9":0,"10":0,"11":2},"f":{"0":0,"1":0},"b":{"0":[0,0]}}
,"D:\\modsenTest\\src\\components\\imagesList\\imagesList.tsx": {"path":"D:\\modsenTest\\src\\components\\imagesList\\imagesList.tsx","statementMap":{"0":{"start":{"line":2,"column":0},"end":{"line":2,"column":69}},"1":{"start":{"line":3,"column":0},"end":{"line":3,"column":46}},"2":{"start":{"line":4,"column":0},"end":{"line":4,"column":62}},"3":{"start":{"line":6,"column":0},"end":{"line":6,"column":44}},"4":{"start":{"line":8,"column":20},"end":{"line":8,"column":22}},"5":{"start":{"line":9,"column":21},"end":{"line":9,"column":22}},"6":{"start":{"line":11,"column":18},"end":{"line":16,"column":null}},"7":{"start":{"line":12,"column":4},"end":{"line":15,"column":null}},"8":{"start":{"line":14,"column":12},"end":{"line":14,"column":40}},"9":{"start":{"line":19,"column":42},"end":{"line":29,"column":1}},"10":{"start":{"line":20,"column":42},"end":{"line":22,"column":null}},"11":{"start":{"line":25,"column":4},"end":{"line":25,"column":41}},"12":{"start":{"line":25,"column":19},"end":{"line":25,"column":41}},"13":{"start":{"line":26,"column":4},"end":{"line":26,"column":78}},"14":{"start":{"line":26,"column":44},"end":{"line":26,"column":78}},"15":{"start":{"line":28,"column":4},"end":{"line":28,"column":31}},"16":{"start":{"line":19,"column":13},"end":{"line":19,"column":42}},"17":{"start":{"line":31,"column":65},"end":{"line":35,"column":1}},"18":{"start":{"line":34,"column":4},"end":{"line":34,"column":32}},"19":{"start":{"line":31,"column":13},"end":{"line":31,"column":65}}},"fnMap":{"0":{"name":"(anonymous_1)","decl":{"start":{"line":11,"column":18},"end":{"line":11,"column":19}},"loc":{"start":{"line":12,"column":4},"end":{"line":15,"column":null}}},"1":{"name":"(anonymous_2)","decl":{"start":{"line":13,"column":18},"end":{"line":13,"column":19}},"loc":{"start":{"line":14,"column":12},"end":{"line":14,"column":40}}},"2":{"name":"(anonymous_3)","decl":{"start":{"line":19,"column":42},"end":{"line":19,"column":45}},"loc":{"start":{"line":19,"column":47},"end":{"line":29,"column":1}}},"3":{"name":"(anonymous_4)","decl":{"start":{"line":31,"column":65},"end":{"line":31,"column":66}},"loc":{"start":{"line":33,"column":5},"end":{"line":35,"column":1}}}},"branchMap":{"0":{"loc":{"start":{"line":25,"column":4},"end":{"line":25,"column":41}},"type":"if","locations":[{"start":{"line":25,"column":4},"end":{"line":25,"column":41}}]},"1":{"loc":{"start":{"line":26,"column":4},"end":{"line":26,"column":78}},"type":"if","locations":[{"start":{"line":26,"column":4},"end":{"line":26,"column":78}}]},"2":{"loc":{"start":{"line":26,"column":8},"end":{"line":26,"column":42}},"type":"binary-expr","locations":[{"start":{"line":26,"column":8},"end":{"line":26,"column":17}},{"start":{"line":26,"column":21},"end":{"line":26,"column":42}}]}},"s":{"0":2,"1":2,"2":2,"3":2,"4":2,"5":2,"6":2,"7":0,"8":0,"9":2,"10":0,"11":0,"12":0,"13":0,"14":0,"15":0,"16":2,"17":2,"18":0,"19":2},"f":{"0":0,"1":0,"2":0,"3":0},"b":{"0":[0],"1":[0],"2":[0,0]}}
,"D:\\modsenTest\\src\\components\\paginationList\\paginationList.tsx": {"path":"D:\\modsenTest\\src\\components\\paginationList\\paginationList.tsx","statementMap":{"0":{"start":{"line":1,"column":0},"end":{"line":1,"column":48}},"1":{"start":{"line":2,"column":0},"end":{"line":2,"column":62}},"2":{"start":{"line":3,"column":0},"end":{"line":3,"column":50}},"3":{"start":{"line":4,"column":0},"end":{"line":4,"column":60}},"4":{"start":{"line":6,"column":0},"end":{"line":6,"column":44}},"5":{"start":{"line":7,"column":0},"end":{"line":7,"column":64}},"6":{"start":{"line":9,"column":21},"end":{"line":9,"column":22}},"7":{"start":{"line":10,"column":19},"end":{"line":10,"column":20}},"8":{"start":{"line":11,"column":19},"end":{"line":11,"column":31}},"9":{"start":{"line":13,"column":27},"end":{"line":75,"column":1}},"10":{"start":{"line":15,"column":8},"end":{"line":15,"column":33}},"11":{"start":{"line":16,"column":36},"end":{"line":16,"column":64}},"12":{"start":{"line":17,"column":34},"end":{"line":17,"column":48}},"13":{"start":{"line":18,"column":21},"end":{"line":18,"column":59}},"14":{"start":{"line":20,"column":4},"end":{"line":23,"column":22}},"15":{"start":{"line":21,"column":8},"end":{"line":21,"column":25}},"16":{"start":{"line":22,"column":8},"end":{"line":22,"column":26}},"17":{"start":{"line":25,"column":4},"end":{"line":30,"column":15}},"18":{"start":{"line":26,"column":8},"end":{"line":29,"column":9}},"19":{"start":{"line":27,"column":12},"end":{"line":27,"column":30}},"20":{"start":{"line":28,"column":12},"end":{"line":28,"column":30}},"21":{"start":{"line":32,"column":4},"end":{"line":74,"column":6}},"22":{"start":{"line":42,"column":24},"end":{"line":42,"column":48}},"23":{"start":{"line":54,"column":20},"end":{"line":55,"column":null}},"24":{"start":{"line":57,"column":39},"end":{"line":57,"column":53}},"25":{"start":{"line":77,"column":0},"end":{"line":77,"column":30}}},"fnMap":{"0":{"name":"(anonymous_1)","decl":{"start":{"line":13,"column":27},"end":{"line":13,"column":30}},"loc":{"start":{"line":13,"column":32},"end":{"line":75,"column":1}}},"1":{"name":"(anonymous_2)","decl":{"start":{"line":20,"column":14},"end":{"line":20,"column":17}},"loc":{"start":{"line":20,"column":19},"end":{"line":23,"column":5}}},"2":{"name":"(anonymous_3)","decl":{"start":{"line":25,"column":14},"end":{"line":25,"column":17}},"loc":{"start":{"line":25,"column":19},"end":{"line":30,"column":5}}},"3":{"name":"(anonymous_4)","decl":{"start":{"line":41,"column":33},"end":{"line":41,"column":34}},"loc":{"start":{"line":42,"column":24},"end":{"line":42,"column":48}}},"4":{"name":"(anonymous_5)","decl":{"start":{"line":53,"column":32},"end":{"line":53,"column":33}},"loc":{"start":{"line":54,"column":20},"end":{"line":55,"column":null}}},"5":{"name":"(anonymous_6)","decl":{"start":{"line":57,"column":33},"end":{"line":57,"column":36}},"loc":{"start":{"line":57,"column":39},"end":{"line":57,"column":53}}}},"branchMap":{"0":{"loc":{"start":{"line":26,"column":8},"end":{"line":29,"column":9}},"type":"if","locations":[{"start":{"line":26,"column":8},"end":{"line":29,"column":9}}]},"1":{"loc":{"start":{"line":35,"column":17},"end":{"line":43,"column":null}},"type":"cond-expr","locations":[{"start":{"line":36,"column":20},"end":{"line":37,"column":null}},{"start":{"line":40,"column":20},"end":{"line":43,"column":22}}]},"2":{"loc":{"start":{"line":40,"column":20},"end":{"line":43,"column":22}},"type":"binary-expr","locations":[{"start":{"line":40,"column":20},"end":{"line":40,"column":28}},{"start":{"line":41,"column":20},"end":{"line":43,"column":22}}]},"3":{"loc":{"start":{"line":48,"column":17},"end":{"line":51,"column":null}},"type":"binary-expr","locations":[{"start":{"line":48,"column":17},"end":{"line":48,"column":32}},{"start":{"line":49,"column":20},"end":{"line":50,"column":null}}]},"4":{"loc":{"start":{"line":56,"column":53},"end":{"line":56,"column":98}},"type":"cond-expr","locations":[{"start":{"line":56,"column":76},"end":{"line":56,"column":93}},{"start":{"line":56,"column":96},"end":{"line":56,"column":98}}]},"5":{"loc":{"start":{"line":66,"column":28},"end":{"line":66,"column":75}},"type":"cond-expr","locations":[{"start":{"line":66,"column":55},"end":{"line":66,"column":64}},{"start":{"line":66,"column":67},"end":{"line":66,"column":75}}]}},"s":{"0":2,"1":2,"2":2,"3":2,"4":2,"5":2,"6":2,"7":2,"8":2,"9":2,"10":16,"11":16,"12":16,"13":16,"14":16,"15":8,"16":8,"17":16,"18":4,"19":4,"20":4,"21":16,"22":18,"23":64,"24":2,"25":2},"f":{"0":16,"1":8,"2":4,"3":18,"4":64,"5":2},"b":{"0":[4],"1":[10,6],"2":[6,6],"3":[16,8],"4":[16,48],"5":[14,2]}}
,"D:\\modsenTest\\src\\components\\searchBar\\searchBar.tsx": {"path":"D:\\modsenTest\\src\\components\\searchBar\\searchBar.tsx","statementMap":{"0":{"start":{"line":1,"column":0},"end":{"line":1,"column":59}},"1":{"start":{"line":2,"column":0},"end":{"line":2,"column":35}},"2":{"start":{"line":3,"column":0},"end":{"line":3,"column":24}},"3":{"start":{"line":4,"column":0},"end":{"line":4,"column":39}},"4":{"start":{"line":5,"column":0},"end":{"line":5,"column":45}},"5":{"start":{"line":6,"column":0},"end":{"line":6,"column":48}},"6":{"start":{"line":7,"column":0},"end":{"line":7,"column":62}},"7":{"start":{"line":9,"column":0},"end":{"line":9,"column":63}},"8":{"start":{"line":10,"column":0},"end":{"line":10,"column":70}},"9":{"start":{"line":12,"column":21},"end":{"line":17,"column":2}},"10":{"start":{"line":19,"column":22},"end":{"line":113,"column":1}},"11":{"start":{"line":20,"column":46},"end":{"line":20,"column":65}},"12":{"start":{"line":21,"column":38},"end":{"line":21,"column":53}},"13":{"start":{"line":22,"column":31},"end":{"line":22,"column":50}},"14":{"start":{"line":23,"column":31},"end":{"line":23,"column":49}},"15":{"start":{"line":24,"column":25},"end":{"line":47,"column":null}},"16":{"start":{"line":25,"column":32},"end":{"line":46,"column":null}},"17":{"start":{"line":26,"column":27},"end":{"line":26,"column":60}},"18":{"start":{"line":28,"column":12},"end":{"line":31,"column":13}},"19":{"start":{"line":29,"column":16},"end":{"line":29,"column":37}},"20":{"start":{"line":30,"column":16},"end":{"line":30,"column":23}},"21":{"start":{"line":33,"column":12},"end":{"line":45,"column":13}},"22":{"start":{"line":34,"column":40},"end":{"line":42,"column":null}},"23":{"start":{"line":36,"column":24},"end":{"line":42,"column":63}},"24":{"start":{"line":44,"column":16},"end":{"line":44,"column":50}},"25":{"start":{"line":50,"column":28},"end":{"line":52,"column":null}},"26":{"start":{"line":51,"column":14},"end":{"line":51,"column":41}},"27":{"start":{"line":55,"column":19},"end":{"line":64,"column":6}},"28":{"start":{"line":58,"column":27},"end":{"line":58,"column":57}},"29":{"start":{"line":59,"column":12},"end":{"line":59,"column":77}},"30":{"start":{"line":62,"column":12},"end":{"line":62,"column":42}},"31":{"start":{"line":66,"column":4},"end":{"line":112,"column":6}},"32":{"start":{"line":79,"column":32},"end":{"line":79,"column":55}},"33":{"start":{"line":80,"column":32},"end":{"line":80,"column":64}},"34":{"start":{"line":83,"column":32},"end":{"line":83,"column":74}},"35":{"start":{"line":83,"column":49},"end":{"line":83,"column":68}},"36":{"start":{"line":85,"column":43},"end":{"line":85,"column":61}},"37":{"start":{"line":99,"column":24},"end":{"line":104,"column":null}},"38":{"start":{"line":101,"column":32},"end":{"line":101,"column":79}},"39":{"start":{"line":115,"column":0},"end":{"line":115,"column":25}}},"fnMap":{"0":{"name":"(anonymous_8)","decl":{"start":{"line":19,"column":22},"end":{"line":19,"column":25}},"loc":{"start":{"line":19,"column":27},"end":{"line":113,"column":1}}},"1":{"name":"(anonymous_9)","decl":{"start":{"line":25,"column":8},"end":{"line":25,"column":15}},"loc":{"start":{"line":25,"column":32},"end":{"line":46,"column":null}}},"2":{"name":"(anonymous_10)","decl":{"start":{"line":25,"column":32},"end":{"line":25,"column":null}},"loc":{"start":{"line":25,"column":32},"end":{"line":46,"column":9}}},"3":{"name":"(anonymous_11)","decl":{"start":{"line":35,"column":20},"end":{"line":35,"column":21}},"loc":{"start":{"line":36,"column":24},"end":{"line":42,"column":63}}},"4":{"name":"(anonymous_12)","decl":{"start":{"line":51,"column":8},"end":{"line":51,"column":11}},"loc":{"start":{"line":51,"column":14},"end":{"line":51,"column":41}}},"5":{"name":"(anonymous_13)","decl":{"start":{"line":57,"column":18},"end":{"line":57,"column":19}},"loc":{"start":{"line":57,"column":29},"end":{"line":60,"column":9}}},"6":{"name":"(anonymous_14)","decl":{"start":{"line":61,"column":18},"end":{"line":61,"column":19}},"loc":{"start":{"line":61,"column":29},"end":{"line":63,"column":9}}},"7":{"name":"(anonymous_15)","decl":{"start":{"line":78,"column":38},"end":{"line":78,"column":39}},"loc":{"start":{"line":78,"column":44},"end":{"line":81,"column":29}}},"8":{"name":"(anonymous_16)","decl":{"start":{"line":82,"column":36},"end":{"line":82,"column":39}},"loc":{"start":{"line":83,"column":32},"end":{"line":83,"column":74}}},"9":{"name":"(anonymous_17)","decl":{"start":{"line":83,"column":43},"end":{"line":83,"column":46}},"loc":{"start":{"line":83,"column":49},"end":{"line":83,"column":68}}},"10":{"name":"(anonymous_18)","decl":{"start":{"line":85,"column":37},"end":{"line":85,"column":40}},"loc":{"start":{"line":85,"column":43},"end":{"line":85,"column":61}}},"11":{"name":"(anonymous_19)","decl":{"start":{"line":98,"column":39},"end":{"line":98,"column":40}},"loc":{"start":{"line":99,"column":24},"end":{"line":104,"column":null}}},"12":{"name":"(anonymous_20)","decl":{"start":{"line":100,"column":37},"end":{"line":100,"column":40}},"loc":{"start":{"line":101,"column":32},"end":{"line":101,"column":79}}}},"branchMap":{"0":{"loc":{"start":{"line":28,"column":12},"end":{"line":31,"column":13}},"type":"if","locations":[{"start":{"line":28,"column":12},"end":{"line":31,"column":13}}]},"1":{"loc":{"start":{"line":33,"column":12},"end":{"line":45,"column":13}},"type":"if","locations":[{"start":{"line":33,"column":12},"end":{"line":45,"column":13}}]},"2":{"loc":{"start":{"line":36,"column":24},"end":{"line":42,"column":63}},"type":"binary-expr","locations":[{"start":{"line":36,"column":24},"end":{"line":38,"column":58}},{"start":{"line":39,"column":25},"end":{"line":39,"column":42}},{"start":{"line":40,"column":28},"end":{"line":42,"column":62}}]},"3":{"loc":{"start":{"line":59,"column":19},"end":{"line":59,"column":76}},"type":"cond-expr","locations":[{"start":{"line":59,"column":36},"end":{"line":59,"column":38}},{"start":{"line":59,"column":41},"end":{"line":59,"column":76}}]},"4":{"loc":{"start":{"line":96,"column":13},"end":{"line":109,"column":null}},"type":"binary-expr","locations":[{"start":{"line":96,"column":13},"end":{"line":96,"column":22}},{"start":{"line":96,"column":26},"end":{"line":96,"column":50}},{"start":{"line":97,"column":16},"end":{"line":108,"column":null}}]}},"s":{"0":2,"1":2,"2":2,"3":2,"4":2,"5":2,"6":2,"7":2,"8":2,"9":2,"10":2,"11":9,"12":9,"13":9,"14":9,"15":9,"16":2,"17":2,"18":2,"19":0,"20":0,"21":2,"22":2,"23":4,"24":2,"25":9,"26":3,"27":9,"28":2,"29":2,"30":0,"31":9,"32":2,"33":2,"34":0,"35":0,"36":2,"37":2,"38":1,"39":2},"f":{"0":9,"1":2,"2":2,"3":4,"4":3,"5":2,"6":0,"7":2,"8":0,"9":0,"10":2,"11":2,"12":1},"b":{"0":[0],"1":[2],"2":[4,2,2],"3":[2,0],"4":[9,6,2]}}
,"D:\\modsenTest\\src\\pages\\artInfoPage\\artInfoPage.tsx": {"path":"D:\\modsenTest\\src\\pages\\artInfoPage\\artInfoPage.tsx","statementMap":{"0":{"start":{"line":2,"column":0},"end":{"line":2,"column":45}},"1":{"start":{"line":3,"column":0},"end":{"line":3,"column":62}},"2":{"start":{"line":4,"column":0},"end":{"line":4,"column":48}},"3":{"start":{"line":5,"column":0},"end":{"line":5,"column":47}},"4":{"start":{"line":6,"column":0},"end":{"line":6,"column":57}},"5":{"start":{"line":7,"column":0},"end":{"line":7,"column":44}},"6":{"start":{"line":10,"column":4},"end":{"line":10,"column":25}},"7":{"start":{"line":13,"column":24},"end":{"line":86,"column":1}},"8":{"start":{"line":14,"column":19},"end":{"line":14,"column":30}},"9":{"start":{"line":15,"column":41},"end":{"line":15,"column":56}},"10":{"start":{"line":16,"column":4},"end":{"line":21,"column":10}},"11":{"start":{"line":17,"column":8},"end":{"line":21,"column":10}},"12":{"start":{"line":22,"column":4},"end":{"line":85,"column":6}},"13":{"start":{"line":88,"column":0},"end":{"line":88,"column":27}}},"fnMap":{"0":{"name":"concatStyles","decl":{"start":{"line":9,"column":9},"end":{"line":9,"column":21}},"loc":{"start":{"line":9,"column":38},"end":{"line":11,"column":1}}},"1":{"name":"(anonymous_2)","decl":{"start":{"line":13,"column":24},"end":{"line":13,"column":27}},"loc":{"start":{"line":13,"column":29},"end":{"line":86,"column":1}}}},"branchMap":{"0":{"loc":{"start":{"line":16,"column":4},"end":{"line":21,"column":10}},"type":"if","locations":[{"start":{"line":16,"column":4},"end":{"line":21,"column":10}}]},"1":{"loc":{"start":{"line":24,"column":13},"end":{"line":39,"column":null}},"type":"binary-expr","locations":[{"start":{"line":24,"column":13},"end":{"line":24,"column":20}},{"start":{"line":25,"column":16},"end":{"line":38,"column":null}}]},"2":{"loc":{"start":{"line":43,"column":21},"end":{"line":43,"column":35}},"type":"cond-expr","locations":[{"start":{"line":43,"column":28},"end":{"line":43,"column":30}},{"start":{"line":43,"column":21},"end":{"line":43,"column":35}}]},"3":{"loc":{"start":{"line":43,"column":21},"end":{"line":43,"column":30}},"type":"binary-expr","locations":[{"start":{"line":43,"column":21},"end":{"line":43,"column":30}},{"start":{"line":43,"column":21},"end":{"line":43,"column":30}}]},"4":{"loc":{"start":{"line":46,"column":21},"end":{"line":46,"column":42}},"type":"cond-expr","locations":[{"start":{"line":46,"column":28},"end":{"line":46,"column":30}},{"start":{"line":46,"column":21},"end":{"line":46,"column":42}}]},"5":{"loc":{"start":{"line":46,"column":21},"end":{"line":46,"column":30}},"type":"binary-expr","locations":[{"start":{"line":46,"column":21},"end":{"line":46,"column":30}},{"start":{"line":46,"column":21},"end":{"line":46,"column":30}}]},"6":{"loc":{"start":{"line":55,"column":21},"end":{"line":55,"column":42}},"type":"cond-expr","locations":[{"start":{"line":55,"column":28},"end":{"line":55,"column":30}},{"start":{"line":55,"column":21},"end":{"line":55,"column":42}}]},"7":{"loc":{"start":{"line":55,"column":21},"end":{"line":55,"column":30}},"type":"binary-expr","locations":[{"start":{"line":55,"column":21},"end":{"line":55,"column":30}},{"start":{"line":55,"column":21},"end":{"line":55,"column":30}}]},"8":{"loc":{"start":{"line":68,"column":25},"end":{"line":68,"column":49}},"type":"cond-expr","locations":[{"start":{"line":68,"column":32},"end":{"line":68,"column":34}},{"start":{"line":68,"column":25},"end":{"line":68,"column":49}}]},"9":{"loc":{"start":{"line":68,"column":25},"end":{"line":68,"column":34}},"type":"binary-expr","locations":[{"start":{"line":68,"column":25},"end":{"line":68,"column":34}},{"start":{"line":68,"column":25},"end":{"line":68,"column":34}}]},"10":{"loc":{"start":{"line":79,"column":25},"end":{"line":79,"column":44}},"type":"cond-expr","locations":[{"start":{"line":79,"column":32},"end":{"line":79,"column":34}},{"start":{"line":79,"column":25},"end":{"line":79,"column":44}}]},"11":{"loc":{"start":{"line":79,"column":25},"end":{"line":79,"column":34}},"type":"binary-expr","locations":[{"start":{"line":79,"column":25},"end":{"line":79,"column":34}},{"start":{"line":79,"column":25},"end":{"line":79,"column":34}}]},"12":{"loc":{"start":{"line":82,"column":20},"end":{"line":82,"column":45}},"type":"cond-expr","locations":[{"start":{"line":82,"column":27},"end":{"line":82,"column":29}},{"start":{"line":82,"column":20},"end":{"line":82,"column":45}}]},"13":{"loc":{"start":{"line":82,"column":20},"end":{"line":82,"column":29}},"type":"binary-expr","locations":[{"start":{"line":82,"column":20},"end":{"line":82,"column":29}},{"start":{"line":82,"column":20},"end":{"line":82,"column":29}}]}},"s":{"0":2,"1":2,"2":2,"3":2,"4":2,"5":2,"6":0,"7":2,"8":0,"9":0,"10":0,"11":0,"12":0,"13":2},"f":{"0":0,"1":0},"b":{"0":[0],"1":[0,0],"2":[0,0],"3":[0,0],"4":[0,0],"5":[0,0],"6":[0,0],"7":[0,0],"8":[0,0],"9":[0,0],"10":[0,0],"11":[0,0],"12":[0,0],"13":[0,0]}}
,"D:\\modsenTest\\src\\pages\\catalogPage\\catalogPage.tsx": {"path":"D:\\modsenTest\\src\\pages\\catalogPage\\catalogPage.tsx","statementMap":{"0":{"start":{"line":2,"column":0},"end":{"line":2,"column":47}},"1":{"start":{"line":3,"column":0},"end":{"line":3,"column":60}},"2":{"start":{"line":4,"column":0},"end":{"line":4,"column":75}},"3":{"start":{"line":5,"column":0},"end":{"line":5,"column":79}},"4":{"start":{"line":7,"column":24},"end":{"line":38,"column":1}},"5":{"start":{"line":8,"column":4},"end":{"line":37,"column":6}},"6":{"start":{"line":40,"column":0},"end":{"line":40,"column":27}}},"fnMap":{"0":{"name":"(anonymous_1)","decl":{"start":{"line":7,"column":24},"end":{"line":7,"column":27}},"loc":{"start":{"line":7,"column":29},"end":{"line":38,"column":1}}}},"branchMap":{},"s":{"0":2,"1":2,"2":2,"3":2,"4":2,"5":0,"6":2},"f":{"0":0},"b":{}}
,"D:\\modsenTest\\src\\pages\\favoritesPage\\favoritesPage.tsx": {"path":"D:\\modsenTest\\src\\pages\\favoritesPage\\favoritesPage.tsx","statementMap":{"0":{"start":{"line":2,"column":0},"end":{"line":2,"column":80}},"1":{"start":{"line":3,"column":0},"end":{"line":3,"column":62}},"2":{"start":{"line":4,"column":0},"end":{"line":4,"column":49}},"3":{"start":{"line":6,"column":26},"end":{"line":14,"column":1}},"4":{"start":{"line":7,"column":32},"end":{"line":7,"column":46}},"5":{"start":{"line":8,"column":22},"end":{"line":8,"column":39}},"6":{"start":{"line":9,"column":4},"end":{"line":13,"column":6}},"7":{"start":{"line":16,"column":0},"end":{"line":16,"column":29}}},"fnMap":{"0":{"name":"(anonymous_1)","decl":{"start":{"line":6,"column":26},"end":{"line":6,"column":29}},"loc":{"start":{"line":6,"column":31},"end":{"line":14,"column":1}}}},"branchMap":{},"s":{"0":2,"1":2,"2":2,"3":2,"4":0,"5":0,"6":0,"7":2},"f":{"0":0},"b":{}}
,"D:\\modsenTest\\src\\pages\\mainLayout\\MainLayout.tsx": {"path":"D:\\modsenTest\\src\\pages\\mainLayout\\MainLayout.tsx","statementMap":{"0":{"start":{"line":1,"column":0},"end":{"line":1,"column":42}},"1":{"start":{"line":3,"column":0},"end":{"line":3,"column":51}},"2":{"start":{"line":4,"column":0},"end":{"line":4,"column":51}},"3":{"start":{"line":5,"column":0},"end":{"line":5,"column":46}},"4":{"start":{"line":7,"column":23},"end":{"line":17,"column":1}},"5":{"start":{"line":8,"column":4},"end":{"line":16,"column":6}},"6":{"start":{"line":19,"column":0},"end":{"line":19,"column":26}}},"fnMap":{"0":{"name":"(anonymous_1)","decl":{"start":{"line":7,"column":23},"end":{"line":7,"column":26}},"loc":{"start":{"line":7,"column":28},"end":{"line":17,"column":1}}}},"branchMap":{},"s":{"0":2,"1":2,"2":2,"3":2,"4":2,"5":0,"6":2},"f":{"0":0},"b":{}}
,"D:\\modsenTest\\src\\pages\\notFoundPage\\notFoundPage.tsx": {"path":"D:\\modsenTest\\src\\pages\\notFoundPage\\notFoundPage.tsx","statementMap":{"0":{"start":{"line":2,"column":0},"end":{"line":2,"column":48}},"1":{"start":{"line":4,"column":25},"end":{"line":11,"column":1}},"2":{"start":{"line":5,"column":4},"end":{"line":10,"column":6}},"3":{"start":{"line":13,"column":0},"end":{"line":13,"column":28}}},"fnMap":{"0":{"name":"(anonymous_1)","decl":{"start":{"line":4,"column":25},"end":{"line":4,"column":28}},"loc":{"start":{"line":4,"column":30},"end":{"line":11,"column":1}}}},"branchMap":{},"s":{"0":2,"1":2,"2":0,"3":2},"f":{"0":0},"b":{}}
,"D:\\modsenTest\\src\\utils\\artsApi\\generateURL.ts": {"path":"D:\\modsenTest\\src\\utils\\artsApi\\generateURL.ts","statementMap":{"0":{"start":{"line":1,"column":0},"end":{"line":1,"column":16}},"1":{"start":{"line":2,"column":4},"end":{"line":2,"column":77}}},"fnMap":{"0":{"name":"generateURL","decl":{"start":{"line":1,"column":16},"end":{"line":1,"column":27}},"loc":{"start":{"line":1,"column":43},"end":{"line":3,"column":1}}}},"branchMap":{},"s":{"0":2,"1":3},"f":{"0":3},"b":{}}
,"D:\\modsenTest\\src\\utils\\artsApi\\truncatTitle.ts": {"path":"D:\\modsenTest\\src\\utils\\artsApi\\truncatTitle.ts","statementMap":{"0":{"start":{"line":1,"column":0},"end":{"line":1,"column":16}},"1":{"start":{"line":2,"column":4},"end":{"line":2,"column":66}}},"fnMap":{"0":{"name":"truncatTitle","decl":{"start":{"line":1,"column":16},"end":{"line":1,"column":28}},"loc":{"start":{"line":1,"column":42},"end":{"line":3,"column":1}}}},"branchMap":{"0":{"loc":{"start":{"line":2,"column":11},"end":{"line":2,"column":65}},"type":"cond-expr","locations":[{"start":{"line":2,"column":31},"end":{"line":2,"column":57}},{"start":{"line":2,"column":60},"end":{"line":2,"column":65}}]}},"s":{"0":2,"1":18},"f":{"0":18},"b":{"0":[12,6]}}
,"D:\\modsenTest\\src\\utils\\artsApi\\useFavorites.ts": {"path":"D:\\modsenTest\\src\\utils\\artsApi\\useFavorites.ts","statementMap":{"0":{"start":{"line":3,"column":22},"end":{"line":7,"column":1}},"1":{"start":{"line":4,"column":28},"end":{"line":4,"column":63}},"2":{"start":{"line":5,"column":28},"end":{"line":5,"column":78}},"3":{"start":{"line":6,"column":4},"end":{"line":6,"column":70}},"4":{"start":{"line":9,"column":28},"end":{"line":35,"column":1}},"5":{"start":{"line":10,"column":23},"end":{"line":10,"column":79}},"6":{"start":{"line":10,"column":53},"end":{"line":10,"column":79}},"7":{"start":{"line":12,"column":27},"end":{"line":29,"column":5}},"8":{"start":{"line":13,"column":29},"end":{"line":13,"column":44}},"9":{"start":{"line":14,"column":24},"end":{"line":14,"column":30}},"10":{"start":{"line":17,"column":8},"end":{"line":26,"column":9}},"11":{"start":{"line":18,"column":12},"end":{"line":18,"column":51}},"12":{"start":{"line":19,"column":12},"end":{"line":19,"column":45}},"13":{"start":{"line":20,"column":12},"end":{"line":23,"column":14}},"14":{"start":{"line":25,"column":12},"end":{"line":25,"column":67}},"15":{"start":{"line":28,"column":8},"end":{"line":28,"column":78}},"16":{"start":{"line":31,"column":28},"end":{"line":33,"column":5}},"17":{"start":{"line":32,"column":8},"end":{"line":32,"column":46}},"18":{"start":{"line":34,"column":4},"end":{"line":34,"column":59}},"19":{"start":{"line":9,"column":13},"end":{"line":9,"column":28}}},"fnMap":{"0":{"name":"(anonymous_0)","decl":{"start":{"line":3,"column":22},"end":{"line":3,"column":49}},"loc":{"start":{"line":3,"column":51},"end":{"line":7,"column":1}}},"1":{"name":"(anonymous_1)","decl":{"start":{"line":9,"column":28},"end":{"line":9,"column":31}},"loc":{"start":{"line":9,"column":33},"end":{"line":35,"column":1}}},"2":{"name":"(anonymous_2)","decl":{"start":{"line":10,"column":23},"end":{"line":10,"column":24}},"loc":{"start":{"line":10,"column":53},"end":{"line":10,"column":79}}},"3":{"name":"(anonymous_3)","decl":{"start":{"line":12,"column":27},"end":{"line":12,"column":28}},"loc":{"start":{"line":12,"column":40},"end":{"line":29,"column":5}}},"4":{"name":"(anonymous_4)","decl":{"start":{"line":31,"column":28},"end":{"line":31,"column":38}},"loc":{"start":{"line":31,"column":40},"end":{"line":33,"column":5}}}},"branchMap":{"0":{"loc":{"start":{"line":5,"column":28},"end":{"line":5,"column":78}},"type":"cond-expr","locations":[{"start":{"line":5,"column":46},"end":{"line":5,"column":73}},{"start":{"line":5,"column":76},"end":{"line":5,"column":78}}]},"1":{"loc":{"start":{"line":6,"column":11},"end":{"line":6,"column":69}},"type":"cond-expr","locations":[{"start":{"line":6,"column":49},"end":{"line":6,"column":64}},{"start":{"line":6,"column":67},"end":{"line":6,"column":69}}]},"2":{"loc":{"start":{"line":17,"column":8},"end":{"line":26,"column":9}},"type":"if","locations":[{"start":{"line":17,"column":8},"end":{"line":26,"column":9}},{"start":{"line":24,"column":15},"end":{"line":26,"column":9}}]}},"s":{"0":2,"1":18,"2":18,"3":18,"4":2,"5":18,"6":18,"7":18,"8":0,"9":0,"10":0,"11":0,"12":0,"13":0,"14":0,"15":0,"16":18,"17":0,"18":18,"19":2},"f":{"0":18,"1":18,"2":18,"3":0,"4":0},"b":{"0":[0,18],"1":[18,0],"2":[0,0]}}
,"D:\\modsenTest\\src\\utils\\artsApi\\useImageLoader.ts": {"path":"D:\\modsenTest\\src\\utils\\artsApi\\useImageLoader.ts","statementMap":{"0":{"start":{"line":1,"column":0},"end":{"line":1,"column":39}},"1":{"start":{"line":2,"column":0},"end":{"line":2,"column":47}},"2":{"start":{"line":4,"column":30},"end":{"line":23,"column":1}},"3":{"start":{"line":5,"column":4},"end":{"line":22,"column":6}},"4":{"start":{"line":7,"column":19},"end":{"line":16,"column":null}},"5":{"start":{"line":8,"column":24},"end":{"line":8,"column":47}},"6":{"start":{"line":10,"column":12},"end":{"line":15,"column":15}},"7":{"start":{"line":11,"column":28},"end":{"line":11,"column":39}},"8":{"start":{"line":12,"column":16},"end":{"line":12,"column":30}},"9":{"start":{"line":13,"column":16},"end":{"line":13,"column":48}},"10":{"start":{"line":13,"column":35},"end":{"line":13,"column":47}},"11":{"start":{"line":14,"column":16},"end":{"line":14,"column":78}},"12":{"start":{"line":14,"column":36},"end":{"line":14,"column":77}},"13":{"start":{"line":4,"column":13},"end":{"line":4,"column":30}},"14":{"start":{"line":25,"column":0},"end":{"line":25,"column":30}}},"fnMap":{"0":{"name":"(anonymous_7)","decl":{"start":{"line":4,"column":30},"end":{"line":4,"column":31}},"loc":{"start":{"line":4,"column":53},"end":{"line":23,"column":1}}},"1":{"name":"(anonymous_8)","decl":{"start":{"line":7,"column":8},"end":{"line":7,"column":17}},"loc":{"start":{"line":7,"column":19},"end":{"line":16,"column":null}}},"2":{"name":"(anonymous_9)","decl":{"start":{"line":7,"column":19},"end":{"line":7,"column":null}},"loc":{"start":{"line":7,"column":19},"end":{"line":16,"column":9}}},"3":{"name":"(anonymous_10)","decl":{"start":{"line":10,"column":39},"end":{"line":10,"column":40}},"loc":{"start":{"line":10,"column":59},"end":{"line":15,"column":13}}},"4":{"name":"(anonymous_11)","decl":{"start":{"line":13,"column":29},"end":{"line":13,"column":32}},"loc":{"start":{"line":13,"column":35},"end":{"line":13,"column":47}}},"5":{"name":"(anonymous_12)","decl":{"start":{"line":14,"column":30},"end":{"line":14,"column":33}},"loc":{"start":{"line":14,"column":36},"end":{"line":14,"column":77}}}},"branchMap":{},"s":{"0":2,"1":2,"2":2,"3":18,"4":3,"5":3,"6":3,"7":3,"8":3,"9":3,"10":0,"11":3,"12":0,"13":2,"14":2},"f":{"0":18,"1":3,"2":3,"3":3,"4":0,"5":0},"b":{}}
,"D:\\modsenTest\\src\\utils\\artsApi\\usePagination.ts": {"path":"D:\\modsenTest\\src\\utils\\artsApi\\usePagination.ts","statementMap":{"0":{"start":{"line":1,"column":0},"end":{"line":1,"column":33}},"1":{"start":{"line":3,"column":29},"end":{"line":21,"column":1}},"2":{"start":{"line":4,"column":42},"end":{"line":4,"column":53}},"3":{"start":{"line":6,"column":29},"end":{"line":8,"column":5}},"4":{"start":{"line":7,"column":8},"end":{"line":7,"column":63}},"5":{"start":{"line":7,"column":34},"end":{"line":7,"column":60}},"6":{"start":{"line":10,"column":25},"end":{"line":12,"column":5}},"7":{"start":{"line":11,"column":8},"end":{"line":11,"column":72}},"8":{"start":{"line":11,"column":34},"end":{"line":11,"column":69}},"9":{"start":{"line":14,"column":21},"end":{"line":18,"column":5}},"10":{"start":{"line":15,"column":8},"end":{"line":17,"column":9}},"11":{"start":{"line":16,"column":12},"end":{"line":16,"column":33}},"12":{"start":{"line":20,"column":4},"end":{"line":20,"column":69}},"13":{"start":{"line":3,"column":13},"end":{"line":3,"column":29}}},"fnMap":{"0":{"name":"(anonymous_0)","decl":{"start":{"line":3,"column":29},"end":{"line":3,"column":30}},"loc":{"start":{"line":3,"column":52},"end":{"line":21,"column":1}}},"1":{"name":"(anonymous_1)","decl":{"start":{"line":6,"column":29},"end":{"line":6,"column":32}},"loc":{"start":{"line":6,"column":34},"end":{"line":8,"column":5}}},"2":{"name":"(anonymous_2)","decl":{"start":{"line":7,"column":23},"end":{"line":7,"column":24}},"loc":{"start":{"line":7,"column":34},"end":{"line":7,"column":60}}},"3":{"name":"(anonymous_3)","decl":{"start":{"line":10,"column":25},"end":{"line":10,"column":28}},"loc":{"start":{"line":10,"column":30},"end":{"line":12,"column":5}}},"4":{"name":"(anonymous_4)","decl":{"start":{"line":11,"column":23},"end":{"line":11,"column":24}},"loc":{"start":{"line":11,"column":34},"end":{"line":11,"column":69}}},"5":{"name":"(anonymous_5)","decl":{"start":{"line":14,"column":21},"end":{"line":14,"column":22}},"loc":{"start":{"line":14,"column":38},"end":{"line":18,"column":5}}}},"branchMap":{"0":{"loc":{"start":{"line":7,"column":34},"end":{"line":7,"column":60}},"type":"cond-expr","locations":[{"start":{"line":7,"column":45},"end":{"line":7,"column":53}},{"start":{"line":7,"column":56},"end":{"line":7,"column":60}}]},"1":{"loc":{"start":{"line":11,"column":34},"end":{"line":11,"column":69}},"type":"cond-expr","locations":[{"start":{"line":11,"column":54},"end":{"line":11,"column":62}},{"start":{"line":11,"column":65},"end":{"line":11,"column":69}}]},"2":{"loc":{"start":{"line":15,"column":8},"end":{"line":17,"column":9}},"type":"if","locations":[{"start":{"line":15,"column":8},"end":{"line":17,"column":9}}]},"3":{"loc":{"start":{"line":15,"column":12},"end":{"line":15,"column":43}},"type":"binary-expr","locations":[{"start":{"line":15,"column":12},"end":{"line":15,"column":21}},{"start":{"line":15,"column":25},"end":{"line":15,"column":43}}]}},"s":{"0":2,"1":2,"2":16,"3":16,"4":1,"5":1,"6":16,"7":1,"8":1,"9":16,"10":2,"11":2,"12":16,"13":2},"f":{"0":16,"1":1,"2":1,"3":1,"4":1,"5":2},"b":{"0":[1,0],"1":[1,0],"2":[2],"3":[2,2]}}
,"D:\\modsenTest\\src\\utils\\routeConfig\\routeConfig.tsx": {"path":"D:\\modsenTest\\src\\utils\\routeConfig\\routeConfig.tsx","statementMap":{"0":{"start":{"line":1,"column":0},"end":{"line":1,"column":58}},"1":{"start":{"line":2,"column":0},"end":{"line":2,"column":61}},"2":{"start":{"line":3,"column":0},"end":{"line":3,"column":67}},"3":{"start":{"line":4,"column":0},"end":{"line":4,"column":61}},"4":{"start":{"line":5,"column":0},"end":{"line":5,"column":64}},"5":{"start":{"line":7,"column":0},"end":{"line":7,"column":null}},"6":{"start":{"line":8,"column":4},"end":{"line":8,"column":null}},"7":{"start":{"line":9,"column":4},"end":{"line":9,"column":null}},"8":{"start":{"line":10,"column":4},"end":{"line":10,"column":null}},"9":{"start":{"line":13,"column":13},"end":{"line":17,"column":2}},"10":{"start":{"line":19,"column":13},"end":{"line":42,"column":2}}},"fnMap":{"0":{"name":"(anonymous_1)","decl":{"start":{"line":7,"column":0},"end":{"line":7,"column":12}},"loc":{"start":{"line":7,"column":21},"end":{"line":11,"column":1}}}},"branchMap":{"0":{"loc":{"start":{"line":7,"column":12},"end":{"line":7,"column":null}},"type":"binary-expr","locations":[{"start":{"line":7,"column":12},"end":{"line":7,"column":21}},{"start":{"line":7,"column":21},"end":{"line":7,"column":null}}]}},"s":{"0":2,"1":2,"2":2,"3":2,"4":2,"5":2,"6":2,"7":2,"8":2,"9":2,"10":2},"f":{"0":2},"b":{"0":[2,2]}}
,"D:\\modsenTest\\src\\utils\\routeConfig\\useNavigate.tsx": {"path":"D:\\modsenTest\\src\\utils\\routeConfig\\useNavigate.tsx","statementMap":{"0":{"start":{"line":1,"column":0},"end":{"line":1,"column":47}},"1":{"start":{"line":2,"column":0},"end":{"line":2,"column":74}},"2":{"start":{"line":4,"column":32},"end":{"line":16,"column":1}},"3":{"start":{"line":5,"column":21},"end":{"line":5,"column":34}},"4":{"start":{"line":7,"column":27},"end":{"line":13,"column":5}},"5":{"start":{"line":8,"column":8},"end":{"line":12,"column":9}},"6":{"start":{"line":9,"column":12},"end":{"line":9,"column":69}},"7":{"start":{"line":11,"column":12},"end":{"line":11,"column":39}},"8":{"start":{"line":15,"column":4},"end":{"line":15,"column":30}},"9":{"start":{"line":4,"column":13},"end":{"line":4,"column":32}}},"fnMap":{"0":{"name":"(anonymous_0)","decl":{"start":{"line":4,"column":32},"end":{"line":4,"column":35}},"loc":{"start":{"line":4,"column":37},"end":{"line":16,"column":1}}},"1":{"name":"(anonymous_1)","decl":{"start":{"line":7,"column":27},"end":{"line":7,"column":28}},"loc":{"start":{"line":7,"column":61},"end":{"line":13,"column":5}}}},"branchMap":{"0":{"loc":{"start":{"line":8,"column":8},"end":{"line":12,"column":9}},"type":"if","locations":[{"start":{"line":8,"column":8},"end":{"line":12,"column":9}},{"start":{"line":10,"column":15},"end":{"line":12,"column":9}}]}},"s":{"0":1,"1":1,"2":1,"3":18,"4":18,"5":0,"6":0,"7":0,"8":18,"9":1},"f":{"0":18,"1":0},"b":{"0":[0,0]}}
}
