TN:
SF:src\components\bookmark\bookmark.tsx
FN:12,(anonymous_1)
FN:16,(anonymous_2)
FN:18,(anonymous_3)
FN:24,(anonymous_4)
FNF:4
FNH:1
FNDA:18,(anonymous_1)
FNDA:0,(anonymous_2)
FNDA:0,(anonymous_3)
FNDA:0,(anonymous_4)
DA:1,2
DA:2,2
DA:3,2
DA:4,2
DA:6,2
DA:12,2
DA:13,18
DA:14,18
DA:16,18
DA:17,0
DA:18,0
DA:21,18
DA:24,0
DA:36,2
LF:14
LH:11
BRDA:23,0,0,0
BRDA:23,0,1,18
BRDA:27,1,0,0
BRDA:27,1,1,18
BRDA:28,2,0,0
BRDA:28,2,1,18
BRF:6
BRH:3
end_of_record
TN:
SF:src\components\footer\footer.tsx
FN:6,(anonymous_1)
FNF:1
FNH:0
FNDA:0,(anonymous_1)
DA:2,2
DA:3,2
DA:4,2
DA:6,2
DA:7,0
DA:25,2
LF:6
LH:5
BRF:0
BRH:0
end_of_record
TN:
SF:src\components\header\header.tsx
FN:10,(anonymous_1)
FN:21,(anonymous_2)
FN:31,(anonymous_3)
FNF:3
FNH:0
FNDA:0,(anonymous_1)
FNDA:0,(anonymous_2)
FNDA:0,(anonymous_3)
DA:2,2
DA:3,2
DA:4,2
DA:5,2
DA:6,2
DA:7,2
DA:8,2
DA:10,2
DA:11,0
DA:12,0
DA:14,0
DA:22,0
DA:31,0
DA:48,2
LF:14
LH:9
BRDA:19,0,0,0
BRDA:19,0,1,0
BRF:2
BRH:0
end_of_record
TN:
SF:src\components\image\image.tsx
FN:11,(anonymous_1)
FNF:1
FNH:1
FNDA:18,(anonymous_1)
DA:2,2
DA:3,2
DA:11,2
DA:12,18
DA:13,18
DA:29,2
LF:6
LH:6
BRDA:15,0,0,18
BRDA:15,0,1,0
BRDA:15,1,0,18
BRDA:15,1,1,18
BRDA:15,1,2,0
BRDA:15,1,3,0
BRF:6
BRH:3
end_of_record
TN:
SF:src\components\imageCard\imageCard.tsx
FN:14,(anonymous_1)
FN:28,(anonymous_2)
FNF:2
FNH:1
FNDA:18,(anonymous_1)
FNDA:0,(anonymous_2)
DA:2,2
DA:3,2
DA:4,2
DA:5,2
DA:7,2
DA:8,2
DA:14,2
DA:15,18
DA:16,18
DA:17,18
DA:29,0
DA:49,2
LF:12
LH:11
BRDA:40,0,0,6
BRDA:40,0,1,12
BRF:2
BRH:2
end_of_record
TN:
SF:src\components\imageForList\imageForList.tsx
FN:14,(anonymous_1)
FN:21,(anonymous_2)
FNF:2
FNH:0
FNDA:0,(anonymous_1)
FNDA:0,(anonymous_2)
DA:2,2
DA:3,2
DA:4,2
DA:5,2
DA:7,2
DA:8,2
DA:14,2
DA:15,0
DA:16,0
DA:18,0
DA:22,0
DA:47,2
LF:12
LH:8
BRDA:38,0,0,0
BRDA:38,0,1,0
BRF:2
BRH:0
end_of_record
TN:
SF:src\components\imagesList\imagesList.tsx
FN:11,(anonymous_1)
FN:13,(anonymous_2)
FN:19,(anonymous_3)
FN:31,(anonymous_4)
FNF:4
FNH:0
FNDA:0,(anonymous_1)
FNDA:0,(anonymous_2)
FNDA:0,(anonymous_3)
FNDA:0,(anonymous_4)
DA:2,2
DA:3,2
DA:4,2
DA:6,2
DA:8,2
DA:9,2
DA:11,2
DA:12,0
DA:14,0
DA:19,2
DA:20,0
DA:25,0
DA:26,0
DA:28,0
DA:31,2
DA:34,0
LF:16
LH:9
BRDA:25,0,0,0
BRDA:26,1,0,0
BRDA:26,2,0,0
BRDA:26,2,1,0
BRF:4
BRH:0
end_of_record
TN:
SF:src\components\paginationList\paginationList.tsx
FN:13,(anonymous_1)
FN:20,(anonymous_2)
FN:25,(anonymous_3)
FN:41,(anonymous_4)
FN:53,(anonymous_5)
FN:57,(anonymous_6)
FNF:6
FNH:6
FNDA:16,(anonymous_1)
FNDA:8,(anonymous_2)
FNDA:4,(anonymous_3)
FNDA:18,(anonymous_4)
FNDA:64,(anonymous_5)
FNDA:2,(anonymous_6)
DA:1,2
DA:2,2
DA:3,2
DA:4,2
DA:6,2
DA:7,2
DA:9,2
DA:10,2
DA:11,2
DA:13,2
DA:15,16
DA:16,16
DA:17,16
DA:18,16
DA:20,16
DA:21,8
DA:22,8
DA:25,16
DA:26,4
DA:27,4
DA:28,4
DA:32,16
DA:42,18
DA:54,64
DA:57,2
DA:77,2
LF:26
LH:26
BRDA:26,0,0,4
BRDA:35,1,0,10
BRDA:35,1,1,6
BRDA:40,2,0,6
BRDA:40,2,1,6
BRDA:48,3,0,16
BRDA:48,3,1,8
BRDA:56,4,0,16
BRDA:56,4,1,48
BRDA:66,5,0,14
BRDA:66,5,1,2
BRF:11
BRH:11
end_of_record
TN:
SF:src\components\searchBar\searchBar.tsx
FN:19,(anonymous_8)
FN:25,(anonymous_9)
FN:25,(anonymous_10)
FN:35,(anonymous_11)
FN:51,(anonymous_12)
FN:57,(anonymous_13)
FN:61,(anonymous_14)
FN:78,(anonymous_15)
FN:82,(anonymous_16)
FN:83,(anonymous_17)
FN:85,(anonymous_18)
FN:98,(anonymous_19)
FN:100,(anonymous_20)
FNF:13
FNH:10
FNDA:9,(anonymous_8)
FNDA:2,(anonymous_9)
FNDA:2,(anonymous_10)
FNDA:4,(anonymous_11)
FNDA:3,(anonymous_12)
FNDA:2,(anonymous_13)
FNDA:0,(anonymous_14)
FNDA:2,(anonymous_15)
FNDA:0,(anonymous_16)
FNDA:0,(anonymous_17)
FNDA:2,(anonymous_18)
FNDA:2,(anonymous_19)
FNDA:1,(anonymous_20)
DA:1,2
DA:2,2
DA:3,2
DA:4,2
DA:5,2
DA:6,2
DA:7,2
DA:9,2
DA:10,2
DA:12,2
DA:19,2
DA:20,9
DA:21,9
DA:22,9
DA:23,9
DA:24,9
DA:25,2
DA:26,2
DA:28,2
DA:29,0
DA:30,0
DA:33,2
DA:34,2
DA:36,4
DA:44,2
DA:50,9
DA:51,3
DA:55,9
DA:58,2
DA:59,2
DA:62,0
DA:66,9
DA:79,2
DA:80,2
DA:83,0
DA:85,2
DA:99,2
DA:101,1
DA:115,2
LF:39
LH:35
BRDA:28,0,0,0
BRDA:33,1,0,2
BRDA:36,2,0,4
BRDA:36,2,1,2
BRDA:36,2,2,2
BRDA:59,3,0,2
BRDA:59,3,1,0
BRDA:96,4,0,9
BRDA:96,4,1,6
BRDA:96,4,2,2
BRF:10
BRH:8
end_of_record
TN:
SF:src\pages\artInfoPage\artInfoPage.tsx
FN:9,concatStyles
FN:13,(anonymous_2)
FNF:2
FNH:0
FNDA:0,concatStyles
FNDA:0,(anonymous_2)
DA:2,2
DA:3,2
DA:4,2
DA:5,2
DA:6,2
DA:7,2
DA:10,0
DA:13,2
DA:14,0
DA:15,0
DA:16,0
DA:17,0
DA:22,0
DA:88,2
LF:14
LH:8
BRDA:16,0,0,0
BRDA:24,1,0,0
BRDA:24,1,1,0
BRDA:43,2,0,0
BRDA:43,2,1,0
BRDA:43,3,0,0
BRDA:43,3,1,0
BRDA:46,4,0,0
BRDA:46,4,1,0
BRDA:46,5,0,0
BRDA:46,5,1,0
BRDA:55,6,0,0
BRDA:55,6,1,0
BRDA:55,7,0,0
BRDA:55,7,1,0
BRDA:68,8,0,0
BRDA:68,8,1,0
BRDA:68,9,0,0
BRDA:68,9,1,0
BRDA:79,10,0,0
BRDA:79,10,1,0
BRDA:79,11,0,0
BRDA:79,11,1,0
BRDA:82,12,0,0
BRDA:82,12,1,0
BRDA:82,13,0,0
BRDA:82,13,1,0
BRF:27
BRH:0
end_of_record
TN:
SF:src\pages\catalogPage\catalogPage.tsx
FN:7,(anonymous_1)
FNF:1
FNH:0
FNDA:0,(anonymous_1)
DA:2,2
DA:3,2
DA:4,2
DA:5,2
DA:7,2
DA:8,0
DA:40,2
LF:7
LH:6
BRF:0
BRH:0
end_of_record
TN:
SF:src\pages\favoritesPage\favoritesPage.tsx
FN:6,(anonymous_1)
FNF:1
FNH:0
FNDA:0,(anonymous_1)
DA:2,2
DA:3,2
DA:4,2
DA:6,2
DA:7,0
DA:8,0
DA:9,0
DA:16,2
LF:8
LH:5
BRF:0
BRH:0
end_of_record
TN:
SF:src\pages\mainLayout\MainLayout.tsx
FN:7,(anonymous_1)
FNF:1
FNH:0
FNDA:0,(anonymous_1)
DA:1,2
DA:3,2
DA:4,2
DA:5,2
DA:7,2
DA:8,0
DA:19,2
LF:7
LH:6
BRF:0
BRH:0
end_of_record
TN:
SF:src\pages\notFoundPage\notFoundPage.tsx
FN:4,(anonymous_1)
FNF:1
FNH:0
FNDA:0,(anonymous_1)
DA:2,2
DA:4,2
DA:5,0
DA:13,2
LF:4
LH:3
BRF:0
BRH:0
end_of_record
TN:
SF:src\utils\artsApi\generateURL.ts
FN:1,generateURL
FNF:1
FNH:1
FNDA:3,generateURL
DA:1,2
DA:2,3
LF:2
LH:2
BRF:0
BRH:0
end_of_record
TN:
SF:src\utils\artsApi\truncatTitle.ts
FN:1,truncatTitle
FNF:1
FNH:1
FNDA:18,truncatTitle
DA:1,2
DA:2,18
LF:2
LH:2
BRDA:2,0,0,12
BRDA:2,0,1,6
BRF:2
BRH:2
end_of_record
TN:
SF:src\utils\artsApi\useFavorites.ts
FN:3,(anonymous_0)
FN:9,(anonymous_1)
FN:10,(anonymous_2)
FN:12,(anonymous_3)
FN:31,(anonymous_4)
FNF:5
FNH:3
FNDA:18,(anonymous_0)
FNDA:18,(anonymous_1)
FNDA:18,(anonymous_2)
FNDA:0,(anonymous_3)
FNDA:0,(anonymous_4)
DA:3,2
DA:4,18
DA:5,18
DA:6,18
DA:9,2
DA:10,18
DA:12,18
DA:13,0
DA:14,0
DA:17,0
DA:18,0
DA:19,0
DA:20,0
DA:25,0
DA:28,0
DA:31,18
DA:32,0
DA:34,18
LF:18
LH:9
BRDA:5,0,0,0
BRDA:5,0,1,18
BRDA:6,1,0,18
BRDA:6,1,1,0
BRDA:17,2,0,0
BRDA:17,2,1,0
BRF:6
BRH:2
end_of_record
TN:
SF:src\utils\artsApi\useImageLoader.ts
FN:4,(anonymous_7)
FN:7,(anonymous_8)
FN:7,(anonymous_9)
FN:10,(anonymous_10)
FN:13,(anonymous_11)
FN:14,(anonymous_12)
FNF:6
FNH:4
FNDA:18,(anonymous_7)
FNDA:3,(anonymous_8)
FNDA:3,(anonymous_9)
FNDA:3,(anonymous_10)
FNDA:0,(anonymous_11)
FNDA:0,(anonymous_12)
DA:1,2
DA:2,2
DA:4,2
DA:5,18
DA:7,3
DA:8,3
DA:10,3
DA:11,3
DA:12,3
DA:13,3
DA:14,3
DA:25,2
LF:12
LH:12
BRF:0
BRH:0
end_of_record
TN:
SF:src\utils\artsApi\usePagination.ts
FN:3,(anonymous_0)
FN:6,(anonymous_1)
FN:7,(anonymous_2)
FN:10,(anonymous_3)
FN:11,(anonymous_4)
FN:14,(anonymous_5)
FNF:6
FNH:6
FNDA:16,(anonymous_0)
FNDA:1,(anonymous_1)
FNDA:1,(anonymous_2)
FNDA:1,(anonymous_3)
FNDA:1,(anonymous_4)
FNDA:2,(anonymous_5)
DA:1,2
DA:3,2
DA:4,16
DA:6,16
DA:7,1
DA:10,16
DA:11,1
DA:14,16
DA:15,2
DA:16,2
DA:20,16
LF:11
LH:11
BRDA:7,0,0,1
BRDA:7,0,1,0
BRDA:11,1,0,1
BRDA:11,1,1,0
BRDA:15,2,0,2
BRDA:15,3,0,2
BRDA:15,3,1,2
BRF:7
BRH:5
end_of_record
TN:
SF:src\utils\routeConfig\routeConfig.tsx
FN:7,(anonymous_1)
FNF:1
FNH:1
FNDA:2,(anonymous_1)
DA:1,2
DA:2,2
DA:3,2
DA:4,2
DA:5,2
DA:7,2
DA:8,2
DA:9,2
DA:10,2
DA:13,2
DA:19,2
LF:11
LH:11
BRDA:7,0,0,2
BRDA:7,0,1,2
BRF:2
BRH:2
end_of_record
TN:
SF:src\utils\routeConfig\useNavigate.tsx
FN:4,(anonymous_0)
FN:7,(anonymous_1)
FNF:2
FNH:1
FNDA:18,(anonymous_0)
FNDA:0,(anonymous_1)
DA:1,1
DA:2,1
DA:4,1
DA:5,18
DA:7,18
DA:8,0
DA:9,0
DA:11,0
DA:15,18
LF:9
LH:6
BRDA:8,0,0,0
BRDA:8,0,1,0
BRF:2
BRH:0
end_of_record
